<?xml version="1.0" encoding="UTF-8"?>
<testsuite name="org.devoware.homonculus.ApplicationTest" tests="3" skipped="0" failures="0" errors="0" timestamp="2016-08-07T20:37:46" hostname="Carloss-MBP" time="0.521">
  <properties/>
  <testcase name="test_initialize_called" classname="org.devoware.homonculus.ApplicationTest" time="0.498"/>
  <testcase name="test_application_lifecycle" classname="org.devoware.homonculus.ApplicationTest" time="0.022"/>
  <testcase name="test_get_configuration_class" classname="org.devoware.homonculus.ApplicationTest" time="0.001"/>
  <system-out><![CDATA[16:37:46.739 [Test worker] INFO  org.devoware.homonculus.Application - Loading configuration file mock-application.yml...
16:37:46.907 [Test worker] DEBUG org.jboss.logging - Logging Provider: org.jboss.logging.Slf4jLoggerProvider
16:37:46.909 [Test worker] INFO  o.h.validator.internal.util.Version - HV000001: Hibernate Validator 5.2.4.Final
16:37:46.947 [Test worker] DEBUG o.h.v.i.e.r.DefaultTraversableResolver - Cannot find javax.persistence.Persistence on classpath. Assuming non JPA 2 environment. All properties will per default be traversable.
16:37:46.955 [Test worker] DEBUG o.h.v.i.xml.ValidationXmlParser - Trying to load META-INF/validation.xml for XML based Validator configuration.
16:37:46.957 [Test worker] DEBUG o.h.v.i.xml.ResourceLoaderHelper - Trying to load META-INF/validation.xml via TCCL
16:37:46.958 [Test worker] DEBUG o.h.v.i.xml.ResourceLoaderHelper - Trying to load META-INF/validation.xml via Hibernate Validator's class loader
16:37:46.958 [Test worker] DEBUG o.h.v.i.xml.ValidationXmlParser - No META-INF/validation.xml found. Using annotation based configuration only.
16:37:46.995 [Test worker] INFO  o.d.c.YamlConfigurationFactory - Loading configuration from mock-application.yml...
16:37:47.101 [Test worker] INFO  o.d.c.YamlConfigurationFactory - Configuration successfully loaded from mock-application.yml.
16:37:47.101 [Test worker] INFO  org.devoware.homonculus.Application - Configuration file loaded successfully.
org.devoware.homonculus.ApplicationTest$MockApplication@5d41f3e2
16:37:47.107 [Test worker] INFO  org.devoware.homonculus.Application - Loading configuration file mock-application.yml...
16:37:47.108 [Test worker] DEBUG o.h.v.i.e.r.DefaultTraversableResolver - Cannot find javax.persistence.Persistence on classpath. Assuming non JPA 2 environment. All properties will per default be traversable.
16:37:47.109 [Test worker] DEBUG o.h.v.i.xml.ValidationXmlParser - Trying to load META-INF/validation.xml for XML based Validator configuration.
16:37:47.109 [Test worker] DEBUG o.h.v.i.xml.ResourceLoaderHelper - Trying to load META-INF/validation.xml via TCCL
16:37:47.109 [Test worker] DEBUG o.h.v.i.xml.ResourceLoaderHelper - Trying to load META-INF/validation.xml via Hibernate Validator's class loader
16:37:47.110 [Test worker] DEBUG o.h.v.i.xml.ValidationXmlParser - No META-INF/validation.xml found. Using annotation based configuration only.
16:37:47.111 [Test worker] INFO  o.d.c.YamlConfigurationFactory - Loading configuration from mock-application.yml...
16:37:47.114 [Test worker] INFO  o.d.c.YamlConfigurationFactory - Configuration successfully loaded from mock-application.yml.
16:37:47.115 [Test worker] INFO  org.devoware.homonculus.Application - Configuration file loaded successfully.
16:37:47.121 [Test worker] INFO  o.d.h.lifecycle.LifecycleManager - The termination sensor is listening on port 51335.
16:37:47.122 [Test worker] INFO  o.d.h.lifecycle.LifecycleManager - Starting org.devoware.homonculus.ApplicationTest$MockApplication...
16:37:47.122 [Test worker] INFO  o.d.h.lifecycle.LifecycleManager - org.devoware.homonculus.ApplicationTest$MockApplication started
16:37:47.122 [Test worker] INFO  o.d.h.lifecycle.LifecycleManager - Starting org.devoware.homonculus.lifecycle.LifecycleManager$KeepAliveDaemon...
16:37:47.122 [Test worker] INFO  o.d.h.lifecycle.LifecycleManager - org.devoware.homonculus.lifecycle.LifecycleManager$KeepAliveDaemon started
16:37:47.122 [Test worker] INFO  org.devoware.homonculus.Application - Attempting to stop the mock-application application...
16:37:47.123 [Test worker] INFO  o.d.homonculus.shutdown.Terminator - Sending termination signal to stop the application...
16:37:47.128 [Test worker] INFO  o.d.homonculus.shutdown.Terminator - Termination signal successfully sent.
16:37:47.129 [pool-1-thread-1] WARN  o.d.h.lifecycle.LifecycleManager - The termination sensor received a valid termination sequence.
16:37:47.129 [pool-1-thread-1] INFO  o.d.h.lifecycle.LifecycleManager - Stopping org.devoware.homonculus.ApplicationTest$MockApplication...
16:37:47.129 [pool-1-thread-1] INFO  o.d.h.lifecycle.LifecycleManager - org.devoware.homonculus.ApplicationTest$MockApplication stopped
16:37:47.129 [pool-1-thread-1] INFO  o.d.h.lifecycle.LifecycleManager - Stopping org.devoware.homonculus.lifecycle.LifecycleManager$KeepAliveDaemon...
16:37:47.130 [pool-1-thread-1] INFO  o.d.h.lifecycle.LifecycleManager - org.devoware.homonculus.lifecycle.LifecycleManager$KeepAliveDaemon stopped
]]></system-out>
  <system-err><![CDATA[]]></system-err>
</testsuite>
